<?xml version="1.0" encoding="UTF-8"?>
<!-- Generated by org.testng.reporters.JUnitReportReporter -->
<testsuite hostname="LAPTOP-PS5OLC7T" failures="0" tests="1" name="Selenium_LabBook.Page_Object_Model.Login_PageFactory_usingEXCEL" time="59.359" errors="0" timestamp="2024-11-05T12:30:18 IST" skipped="0">
  <testcase classname="Selenium_LabBook.Page_Object_Model.Login_PageFactory_usingEXCEL" name="login" time="59.359"/>
</testsuite> <!-- Selenium_LabBook.Page_Object_Model.Login_PageFactory_usingEXCEL -->
