<?xml version="1.0" encoding="UTF-8"?>
<!-- Generated by org.testng.reporters.JUnitReportReporter -->
<testsuite hostname="LAPTOP-PS5OLC7T" failures="0" tests="1" name="Selenium_LabBook.Page_Object_Model.LOGIN_PageFactory_Main" time="36.940" errors="0" timestamp="2024-11-04T12:10:56 IST" skipped="0">
  <testcase classname="Selenium_LabBook.Page_Object_Model.LOGIN_PageFactory_Main" name="login" time="36.940"/>
</testsuite> <!-- Selenium_LabBook.Page_Object_Model.LOGIN_PageFactory_Main -->
