<?xml version="1.0" encoding="UTF-8"?>
<!-- Generated by org.testng.reporters.JUnitReportReporter -->
<testsuite hostname="LAPTOP-PS5OLC7T" failures="0" tests="1" name="Selenium_LabBook.Page_Object_Model.Login_PageFactory_EXCEL_extentReport" time="82.534" errors="0" timestamp="2024-11-05T16:41:05 IST" skipped="0">
  <testcase classname="Selenium_LabBook.Page_Object_Model.Login_PageFactory_EXCEL_extentReport" name="login" time="82.534"/>
</testsuite> <!-- Selenium_LabBook.Page_Object_Model.Login_PageFactory_EXCEL_extentReport -->
