<?xml version="1.0" encoding="UTF-8"?>
<!-- Generated by org.testng.reporters.JUnitReportReporter -->
<testsuite hostname="LAPTOP-PS5OLC7T" failures="0" tests="1" name="Selenium_LabBook.Page_Object_Model.Login_PageFactory_usingXML" time="29.221" errors="0" timestamp="2024-11-05T10:42:53 IST" skipped="0">
  <testcase classname="Selenium_LabBook.Page_Object_Model.Login_PageFactory_usingXML" name="login" time="29.221"/>
</testsuite> <!-- Selenium_LabBook.Page_Object_Model.Login_PageFactory_usingXML -->
